\BOOKMARK [1][-]{section.1}{1. Introduction}{}% 1
\BOOKMARK [2][-]{subsection.1.1}{1.1. Interpr\351tation}{section.1}% 2
\BOOKMARK [1][-]{section.2}{2. Estimateur des moindres carr\351s dans le mod\350le de r\351gression lin\351aire}{}% 3
\BOOKMARK [2][-]{subsection.2.1}{2.1. D\351finitions}{section.2}% 4
\BOOKMARK [2][-]{subsection.2.2}{2.2. Conditions}{section.2}% 5
\BOOKMARK [2][-]{subsection.2.3}{2.3. Estimation par la m\351thode des moments}{section.2}% 6
\BOOKMARK [2][-]{subsection.2.4}{2.4. Moindres carr\351s}{section.2}% 7
\BOOKMARK [2][-]{subsection.2.5}{2.5. Propri\351t\351s de l'estimateur des moindres carr\351s}{section.2}% 8
\BOOKMARK [1][-]{section.3}{3. G\351om\351trie de Moindres Carr\351s}{}% 9
\BOOKMARK [2][-]{subsection.3.1}{3.1. Matrices de projection}{section.3}% 10
\BOOKMARK [2][-]{subsection.3.2}{3.2. Propri\351t\351s de 2}{section.3}% 11
\BOOKMARK [2][-]{subsection.3.3}{3.3. R\351gression partitionn\351e}{section.3}% 12
\BOOKMARK [2][-]{subsection.3.4}{3.4. Qualit\351 de l'ajustement et coefficient de d\351termination ou R2}{section.3}% 13
\BOOKMARK [2][-]{subsection.3.5}{3.5. Propri\351t\351s du R2}{section.3}% 14
\BOOKMARK [2][-]{subsection.3.6}{3.6. R2 ajust\351}{section.3}% 15
\BOOKMARK [1][-]{section.4}{4. Intervalles de confiance dans le mod\350le de r\351gression normal}{}% 16
\BOOKMARK [2][-]{subsection.4.1}{4.1. Cas scalaire}{section.4}% 17
\BOOKMARK [2][-]{subsection.4.2}{4.2. 2 est connu}{section.4}% 18
\BOOKMARK [2][-]{subsection.4.3}{4.3. 2 est inconnu}{section.4}% 19
\BOOKMARK [2][-]{subsection.4.4}{4.4. Cas vectoriel}{section.4}% 20
\BOOKMARK [1][-]{section.5}{5. Tests d'hypoth\350ses dans le mod\350le de r\351gression lin\351aire normal}{}% 21
\BOOKMARK [2][-]{subsection.5.1}{5.1. Concepts de base}{section.5}% 22
\BOOKMARK [2][-]{subsection.5.2}{5.2. Test d'une hypoth\350se par rapport \340 un seul coefficient}{section.5}% 23
\BOOKMARK [2][-]{subsection.5.3}{5.3. Test d'une contrainte lin\351aire simple}{section.5}% 24
\BOOKMARK [2][-]{subsection.5.4}{5.4. Tests de contraintes lin\351aires multiples}{section.5}% 25
\BOOKMARK [2][-]{subsection.5.5}{5.5. Moindres carr\351s contraints}{section.5}% 26
\BOOKMARK [1][-]{section.6}{6. Propri\351t\351s du 2, mauvaises sp\351cifications, test de changement structurel, variables indicatrices, pr\351visions}{}% 27
\BOOKMARK [2][-]{subsection.6.1}{6.1. Propri\351t\351s du 2}{section.6}% 28
\BOOKMARK [2][-]{subsection.6.2}{6.2. Mauvaise sp\351cification du mod\350le}{section.6}% 29
\BOOKMARK [2][-]{subsection.6.3}{6.3. Test de changement structurel}{section.6}% 30
\BOOKMARK [2][-]{subsection.6.4}{6.4. Variables indicatrices}{section.6}% 31
\BOOKMARK [2][-]{subsection.6.5}{6.5. Pr\351vision}{section.6}% 32
